<?xml version="1.0" encoding="UTF-8"?>
<testsuite xmlns:xsi="http://www.w3.org/2001/XMLSchema-instance" xsi:noNamespaceSchemaLocation="https://maven.apache.org/surefire/maven-surefire-plugin/xsd/surefire-test-report-3.0.xsd" version="3.0" name="com.ofisyonetimsistemi.OfisYonetimSistemiApplicationTests" time="16.336" tests="1" errors="0" skipped="0" failures="0">
  <properties>
[...]
</properties>
  <testcase name="contextLoads" classname="com.ofisyonetimsistemi.OfisYonetimSistemiApplicationTests" time="1.202">
    <system-out><![CDATA[19:20:57.125 [main] INFO org.springframework.test.context.support.AnnotationConfigContextLoaderUtils -- Could not detect default configuration classes for test class [com.ofisyonetimsistemi.OfisYonetimSistemiApplicationTests]: OfisYonetimSistemiApplicationTests does not declare any static, non-private, non-final, nested classes annotated with @Configuration.
19:20:57.325 [main] INFO org.springframework.boot.test.context.SpringBootTestContextBootstrapper -- Found @SpringBootConfiguration com.ofisyonetimsistemi.OfisYonetimSistemiApplication for test class com.ofisyonetimsistemi.OfisYonetimSistemiApplicationTests
19:20:57.658 [main] INFO org.springframework.boot.devtools.restart.RestartApplicationListener -- Restart disabled due to context in which it is running

  .   ____          _            __ _ _
 /\\ / ___'_ __ _ _(_)_ __  __ _ \ \ \ \
( ( )\___ | '_ | '_| | '_ \/ _` | \ \ \ \
 \\/  ___)| |_)| | | | | || (_| |  ) ) ) )
  '  |____| .__|_| |_|_| |_\__, | / / / /
 =========|_|==============|___/=/_/_/_/

 :: Spring Boot ::                (v3.3.8)

2025-02-02T19:20:58.572+03:00  INFO 19024 --- [           main] c.o.OfisYonetimSistemiApplicationTests   : Starting OfisYonetimSistemiApplicationTests using Java 22.0.1 with PID 19024 (started by mumyu in D:\java\stsWorkspace\OfisYonetimSistemi01)
2025-02-02T19:20:58.575+03:00  INFO 19024 --- [           main] c.o.OfisYonetimSistemiApplicationTests   : No active profile set, falling back to 1 default profile: "default"
2025-02-02T19:20:59.318+03:00 DEBUG 19024 --- [           main] o.s.c.a.ClassPathBeanDefinitionScanner   : Identified candidate component class: file [D:\java\stsWorkspace\OfisYonetimSistemi01\target\classes\com\ofisyonetimsistemi\controllers\AdminPanelController.class]
2025-02-02T19:20:59.346+03:00 DEBUG 19024 --- [           main] o.s.c.a.ClassPathBeanDefinitionScanner   : Identified candidate component class: file [D:\java\stsWorkspace\OfisYonetimSistemi01\target\classes\com\ofisyonetimsistemi\controllers\AdminPanelMessagesController.class]
2025-02-02T19:20:59.350+03:00 DEBUG 19024 --- [           main] o.s.c.a.ClassPathBeanDefinitionScanner   : Identified candidate component class: file [D:\java\stsWorkspace\OfisYonetimSistemi01\target\classes\com\ofisyonetimsistemi\controllers\HomeController.class]
2025-02-02T19:20:59.369+03:00 DEBUG 19024 --- [           main] o.s.c.a.ClassPathBeanDefinitionScanner   : Identified candidate component class: file [D:\java\stsWorkspace\OfisYonetimSistemi01\target\classes\com\ofisyonetimsistemi\controllers\HomePageAboutUsController.class]
2025-02-02T19:20:59.383+03:00 DEBUG 19024 --- [           main] o.s.c.a.ClassPathBeanDefinitionScanner   : Identified candidate component class: file [D:\java\stsWorkspace\OfisYonetimSistemi01\target\classes\com\ofisyonetimsistemi\controllers\HomePageAskedQuestionsController.class]
2025-02-02T19:20:59.397+03:00 DEBUG 19024 --- [           main] o.s.c.a.ClassPathBeanDefinitionScanner   : Identified candidate component class: file [D:\java\stsWorkspace\OfisYonetimSistemi01\target\classes\com\ofisyonetimsistemi\controllers\HomePageClientController.class]
2025-02-02T19:20:59.412+03:00 DEBUG 19024 --- [           main] o.s.c.a.ClassPathBeanDefinitionScanner   : Identified candidate component class: file [D:\java\stsWorkspace\OfisYonetimSistemi01\target\classes\com\ofisyonetimsistemi\controllers\HomePagePortfolioCompanyController.class]
2025-02-02T19:20:59.426+03:00 DEBUG 19024 --- [           main] o.s.c.a.ClassPathBeanDefinitionScanner   : Identified candidate component class: file [D:\java\stsWorkspace\OfisYonetimSistemi01\target\classes\com\ofisyonetimsistemi\controllers\HomePagePricingController.class]
2025-02-02T19:20:59.448+03:00 DEBUG 19024 --- [           main] o.s.c.a.ClassPathBeanDefinitionScanner   : Identified candidate component class: file [D:\java\stsWorkspace\OfisYonetimSistemi01\target\classes\com\ofisyonetimsistemi\controllers\HomePagePricingItemController.class]
2025-02-02T19:20:59.467+03:00 DEBUG 19024 --- [           main] o.s.c.a.ClassPathBeanDefinitionScanner   : Identified candidate component class: file [D:\java\stsWorkspace\OfisYonetimSistemi01\target\classes\com\ofisyonetimsistemi\controllers\HomePageReferansController.class]
2025-02-02T19:20:59.486+03:00 DEBUG 19024 --- [           main] o.s.c.a.ClassPathBeanDefinitionScanner   : Identified candidate component class: file [D:\java\stsWorkspace\OfisYonetimSistemi01\target\classes\com\ofisyonetimsistemi\controllers\HomePageServicesController.class]
2025-02-02T19:20:59.502+03:00 DEBUG 19024 --- [           main] o.s.c.a.ClassPathBeanDefinitionScanner   : Identified candidate component class: file [D:\java\stsWorkspace\OfisYonetimSistemi01\target\classes\com\ofisyonetimsistemi\controllers\HomePageTeamController.class]
2025-02-02T19:20:59.515+03:00 DEBUG 19024 --- [           main] o.s.c.a.ClassPathBeanDefinitionScanner   : Identified candidate component class: file [D:\java\stsWorkspace\OfisYonetimSistemi01\target\classes\com\ofisyonetimsistemi\controllers\HomePageWhyUsController.class]
2025-02-02T19:20:59.529+03:00 DEBUG 19024 --- [           main] o.s.c.a.ClassPathBeanDefinitionScanner   : Identified candidate component class: file [D:\java\stsWorkspace\OfisYonetimSistemi01\target\classes\com\ofisyonetimsistemi\controllers\SmmmHomePageSettingsContoller.class]
2025-02-02T19:20:59.544+03:00 DEBUG 19024 --- [           main] o.s.c.a.ClassPathBeanDefinitionScanner   : Identified candidate component class: file [D:\java\stsWorkspace\OfisYonetimSistemi01\target\classes\com\ofisyonetimsistemi\controllers\SmmmOfisPortfolioController.class]
2025-02-02T19:20:59.936+03:00 DEBUG 19024 --- [           main] o.s.c.a.ClassPathBeanDefinitionScanner   : Ignored because not a concrete top-level class: file [D:\java\stsWorkspace\OfisYonetimSistemi01\target\classes\com\ofisyonetimsistemi\repositories\BoxIconsRepository.class]
2025-02-02T19:20:59.941+03:00 DEBUG 19024 --- [           main] o.s.c.a.ClassPathBeanDefinitionScanner   : Ignored because not a concrete top-level class: file [D:\java\stsWorkspace\OfisYonetimSistemi01\target\classes\com\ofisyonetimsistemi\repositories\PortfolioCompanyRepository.class]
2025-02-02T19:20:59.943+03:00 DEBUG 19024 --- [           main] o.s.c.a.ClassPathBeanDefinitionScanner   : Ignored because not a concrete top-level class: file [D:\java\stsWorkspace\OfisYonetimSistemi01\target\classes\com\ofisyonetimsistemi\repositories\PricingItemRepository.class]
2025-02-02T19:20:59.953+03:00 DEBUG 19024 --- [           main] o.s.c.a.ClassPathBeanDefinitionScanner   : Ignored because not a concrete top-level class: file [D:\java\stsWorkspace\OfisYonetimSistemi01\target\classes\com\ofisyonetimsistemi\repositories\SmmmHomePageReferansesRepository.class]
2025-02-02T19:20:59.963+03:00 DEBUG 19024 --- [           main] o.s.c.a.ClassPathBeanDefinitionScanner   : Ignored because not a concrete top-level class: file [D:\java\stsWorkspace\OfisYonetimSistemi01\target\classes\com\ofisyonetimsistemi\repositories\SmmmOfisAboutUsColumnOneRepo.class]
2025-02-02T19:20:59.972+03:00 DEBUG 19024 --- [           main] o.s.c.a.ClassPathBeanDefinitionScanner   : Ignored because not a concrete top-level class: file [D:\java\stsWorkspace\OfisYonetimSistemi01\target\classes\com\ofisyonetimsistemi\repositories\SmmmOfisAskedQuestionsRepository.class]
2025-02-02T19:20:59.975+03:00 DEBUG 19024 --- [           main] o.s.c.a.ClassPathBeanDefinitionScanner   : Ignored because not a concrete top-level class: file [D:\java\stsWorkspace\OfisYonetimSistemi01\target\classes\com\ofisyonetimsistemi\repositories\SmmmOfisBusinesSectorRepository.class]
2025-02-02T19:20:59.984+03:00 DEBUG 19024 --- [           main] o.s.c.a.ClassPathBeanDefinitionScanner   : Ignored because not a concrete top-level class: file [D:\java\stsWorkspace\OfisYonetimSistemi01\target\classes\com\ofisyonetimsistemi\repositories\SmmmOfisHomePageClientRepo.class]
2025-02-02T19:20:59.996+03:00 DEBUG 19024 --- [           main] o.s.c.a.ClassPathBeanDefinitionScanner   : Ignored because not a concrete top-level class: file [D:\java\stsWorkspace\OfisYonetimSistemi01\target\classes\com\ofisyonetimsistemi\repositories\SmmmOfisHomePageTeamRepo.class]
2025-02-02T19:21:00.010+03:00 DEBUG 19024 --- [           main] o.s.c.a.ClassPathBeanDefinitionScanner   : Ignored because not a concrete top-level class: file [D:\java\stsWorkspace\OfisYonetimSistemi01\target\classes\com\ofisyonetimsistemi\repositories\SmmmOfisMessageRepository.class]
2025-02-02T19:21:00.023+03:00 DEBUG 19024 --- [           main] o.s.c.a.ClassPathBeanDefinitionScanner   : Ignored because not a concrete top-level class: file [D:\java\stsWorkspace\OfisYonetimSistemi01\target\classes\com\ofisyonetimsistemi\repositories\SmmmOfisPricingRepository.class]
2025-02-02T19:21:00.033+03:00 DEBUG 19024 --- [           main] o.s.c.a.ClassPathBeanDefinitionScanner   : Ignored because not a concrete top-level class: file [D:\java\stsWorkspace\OfisYonetimSistemi01\target\classes\com\ofisyonetimsistemi\repositories\SmmmOfisRepository.class]
2025-02-02T19:21:00.035+03:00 DEBUG 19024 --- [           main] o.s.c.a.ClassPathBeanDefinitionScanner   : Ignored because not a concrete top-level class: file [D:\java\stsWorkspace\OfisYonetimSistemi01\target\classes\com\ofisyonetimsistemi\repositories\SmmmOfisServicesRepository.class]
2025-02-02T19:21:00.046+03:00 DEBUG 19024 --- [           main] o.s.c.a.ClassPathBeanDefinitionScanner   : Ignored because not a concrete top-level class: file [D:\java\stsWorkspace\OfisYonetimSistemi01\target\classes\com\ofisyonetimsistemi\repositories\SmmmOfisWhyUsRepository.class]
2025-02-02T19:21:00.082+03:00 DEBUG 19024 --- [           main] o.s.c.a.ClassPathBeanDefinitionScanner   : Identified candidate component class: file [D:\java\stsWorkspace\OfisYonetimSistemi01\target\classes\com\ofisyonetimsistemi\security\controller\AdminController.class]
2025-02-02T19:21:00.095+03:00 DEBUG 19024 --- [           main] o.s.c.a.ClassPathBeanDefinitionScanner   : Identified candidate component class: file [D:\java\stsWorkspace\OfisYonetimSistemi01\target\classes\com\ofisyonetimsistemi\security\controller\CustomerController.class]
2025-02-02T19:21:00.113+03:00 DEBUG 19024 --- [           main] o.s.c.a.ClassPathBeanDefinitionScanner   : Identified candidate component class: file [D:\java\stsWorkspace\OfisYonetimSistemi01\target\classes\com\ofisyonetimsistemi\security\controller\SecurityHomeController.class]
2025-02-02T19:21:00.124+03:00 DEBUG 19024 --- [           main] o.s.c.a.ClassPathBeanDefinitionScanner   : Identified candidate component class: file [D:\java\stsWorkspace\OfisYonetimSistemi01\target\classes\com\ofisyonetimsistemi\security\controller\UserController.class]
2025-02-02T19:21:00.137+03:00 DEBUG 19024 --- [           main] o.s.c.a.ClassPathBeanDefinitionScanner   : Identified candidate component class: file [D:\java\stsWorkspace\OfisYonetimSistemi01\target\classes\com\ofisyonetimsistemi\security\controller\UserRegisterController.class]
2025-02-02T19:21:00.266+03:00 DEBUG 19024 --- [           main] o.s.c.a.ClassPathBeanDefinitionScanner   : Ignored because not a concrete top-level class: file [D:\java\stsWorkspace\OfisYonetimSistemi01\target\classes\com\ofisyonetimsistemi\security\repository\MyUserRepository.class]
2025-02-02T19:21:00.280+03:00 DEBUG 19024 --- [           main] o.s.c.a.ClassPathBeanDefinitionScanner   : Identified candidate component class: file [D:\java\stsWorkspace\OfisYonetimSistemi01\target\classes\com\ofisyonetimsistemi\security\securityconfig\MyAuthenticationSuccessHandler.class]
2025-02-02T19:21:00.300+03:00 DEBUG 19024 --- [           main] o.s.c.a.ClassPathBeanDefinitionScanner   : Identified candidate component class: file [D:\java\stsWorkspace\OfisYonetimSistemi01\target\classes\com\ofisyonetimsistemi\security\securityconfig\SecurityConfig.class]
2025-02-02T19:21:00.317+03:00 DEBUG 19024 --- [           main] o.s.c.a.ClassPathBeanDefinitionScanner   : Identified candidate component class: file [D:\java\stsWorkspace\OfisYonetimSistemi01\target\classes\com\ofisyonetimsistemi\security\service\MyUserDetailsService.class]
2025-02-02T19:21:00.329+03:00 DEBUG 19024 --- [           main] o.s.c.a.ClassPathBeanDefinitionScanner   : Identified candidate component class: file [D:\java\stsWorkspace\OfisYonetimSistemi01\target\classes\com\ofisyonetimsistemi\security\service\MyUserService.class]
2025-02-02T19:21:00.331+03:00 DEBUG 19024 --- [           main] o.s.c.a.ClassPathBeanDefinitionScanner   : Identified candidate component class: file [D:\java\stsWorkspace\OfisYonetimSistemi01\target\classes\com\ofisyonetimsistemi\services\BoxIconsService.class]
2025-02-02T19:21:00.345+03:00 DEBUG 19024 --- [           main] o.s.c.a.ClassPathBeanDefinitionScanner   : Identified candidate component class: file [D:\java\stsWorkspace\OfisYonetimSistemi01\target\classes\com\ofisyonetimsistemi\services\HomePagePortfolioCompanyService.class]
2025-02-02T19:21:00.346+03:00 DEBUG 19024 --- [           main] o.s.c.a.ClassPathBeanDefinitionScanner   : Identified candidate component class: file [D:\java\stsWorkspace\OfisYonetimSistemi01\target\classes\com\ofisyonetimsistemi\services\PricingItemService.class]
2025-02-02T19:21:00.358+03:00 DEBUG 19024 --- [           main] o.s.c.a.ClassPathBeanDefinitionScanner   : Identified candidate component class: file [D:\java\stsWorkspace\OfisYonetimSistemi01\target\classes\com\ofisyonetimsistemi\services\SmmmOfisAboutUsColumnOneService.class]
2025-02-02T19:21:00.369+03:00 DEBUG 19024 --- [           main] o.s.c.a.ClassPathBeanDefinitionScanner   : Identified candidate component class: file [D:\java\stsWorkspace\OfisYonetimSistemi01\target\classes\com\ofisyonetimsistemi\services\SmmmOfisAskedQuestionsService.class]
2025-02-02T19:21:00.371+03:00 DEBUG 19024 --- [           main] o.s.c.a.ClassPathBeanDefinitionScanner   : Identified candidate component class: file [D:\java\stsWorkspace\OfisYonetimSistemi01\target\classes\com\ofisyonetimsistemi\services\SmmmOfisBusinesSectorService.class]
2025-02-02T19:21:00.389+03:00 DEBUG 19024 --- [           main] o.s.c.a.ClassPathBeanDefinitionScanner   : Identified candidate component class: file [D:\java\stsWorkspace\OfisYonetimSistemi01\target\classes\com\ofisyonetimsistemi\services\SmmmOfisHomePageClientService.class]
2025-02-02T19:21:00.403+03:00 DEBUG 19024 --- [           main] o.s.c.a.ClassPathBeanDefinitionScanner   : Identified candidate component class: file [D:\java\stsWorkspace\OfisYonetimSistemi01\target\classes\com\ofisyonetimsistemi\services\SmmmOfisHomePageServicesService.class]
2025-02-02T19:21:00.418+03:00 DEBUG 19024 --- [           main] o.s.c.a.ClassPathBeanDefinitionScanner   : Identified candidate component class: file [D:\java\stsWorkspace\OfisYonetimSistemi01\target\classes\com\ofisyonetimsistemi\services\SmmmOfisHomePageTeamService.class]
2025-02-02T19:21:00.420+03:00 DEBUG 19024 --- [           main] o.s.c.a.ClassPathBeanDefinitionScanner   : Identified candidate component class: file [D:\java\stsWorkspace\OfisYonetimSistemi01\target\classes\com\ofisyonetimsistemi\services\SmmmOfisMessageService.class]
2025-02-02T19:21:00.434+03:00 DEBUG 19024 --- [           main] o.s.c.a.ClassPathBeanDefinitionScanner   : Identified candidate component class: file [D:\java\stsWorkspace\OfisYonetimSistemi01\target\classes\com\ofisyonetimsistemi\services\SmmmOfisPricingService.class]
2025-02-02T19:21:00.447+03:00 DEBUG 19024 --- [           main] o.s.c.a.ClassPathBeanDefinitionScanner   : Identified candidate component class: file [D:\java\stsWorkspace\OfisYonetimSistemi01\target\classes\com\ofisyonetimsistemi\services\SmmmOfisReferansesService.class]
2025-02-02T19:21:00.463+03:00 DEBUG 19024 --- [           main] o.s.c.a.ClassPathBeanDefinitionScanner   : Identified candidate component class: file [D:\java\stsWorkspace\OfisYonetimSistemi01\target\classes\com\ofisyonetimsistemi\services\SmmmOfisService.class]
2025-02-02T19:21:00.475+03:00 DEBUG 19024 --- [           main] o.s.c.a.ClassPathBeanDefinitionScanner   : Identified candidate component class: file [D:\java\stsWorkspace\OfisYonetimSistemi01\target\classes\com\ofisyonetimsistemi\services\SmmmOfisWhyUsService.class]
2025-02-02T19:21:01.444+03:00  INFO 19024 --- [           main] .s.d.r.c.RepositoryConfigurationDelegate : Bootstrapping Spring Data JPA repositories in DEFAULT mode.
2025-02-02T19:21:01.619+03:00  INFO 19024 --- [           main] .s.d.r.c.RepositoryConfigurationDelegate : Finished Spring Data repository scanning in 163 ms. Found 15 JPA repository interfaces.
2025-02-02T19:21:02.723+03:00  INFO 19024 --- [           main] o.hibernate.jpa.internal.util.LogHelper  : HHH000204: Processing PersistenceUnitInfo [name: default]
2025-02-02T19:21:02.863+03:00  INFO 19024 --- [           main] org.hibernate.Version                    : HHH000412: Hibernate ORM core version 6.5.3.Final
2025-02-02T19:21:02.952+03:00  INFO 19024 --- [           main] o.h.c.internal.RegionFactoryInitiator    : HHH000026: Second-level cache disabled
2025-02-02T19:21:03.640+03:00  INFO 19024 --- [           main] o.s.o.j.p.SpringPersistenceUnitInfo      : No LoadTimeWeaver setup: ignoring JPA class transformer
2025-02-02T19:21:03.709+03:00  INFO 19024 --- [           main] com.zaxxer.hikari.HikariDataSource       : HikariPool-1 - Starting...
2025-02-02T19:21:04.382+03:00  INFO 19024 --- [           main] com.zaxxer.hikari.pool.HikariPool        : HikariPool-1 - Added connection com.mysql.cj.jdbc.ConnectionImpl@552cb0d5
2025-02-02T19:21:04.386+03:00  INFO 19024 --- [           main] com.zaxxer.hikari.HikariDataSource       : HikariPool-1 - Start completed.
2025-02-02T19:21:07.314+03:00  INFO 19024 --- [           main] o.h.e.t.j.p.i.JtaPlatformInitiator       : HHH000489: No JTA platform available (set 'hibernate.transaction.jta.platform' to enable JTA platform integration)
Hibernate: alter table myuser modify column string_resim LONGTEXT
Hibernate: alter table portfoliocompany modify column resim LONGBLOB
Hibernate: alter table portfoliocompany modify column string_resim LONGTEXT
Hibernate: alter table smmmofis modify column logo LONGBLOB
Hibernate: alter table smmmofis modify column string_logo LONGTEXT
Hibernate: alter table smmmofiscustomer modify column logo LONGBLOB
Hibernate: alter table smmmofiscustomer modify column string_logo LONGTEXT
Hibernate: alter table smmmofisfrequentlyaskedquestions modify column answer LONGTEXT
Hibernate: alter table smmmofisfrequentlyaskedquestions modify column question LONGTEXT
Hibernate: alter table smmmofishomepageclient modify column logo LONGBLOB
Hibernate: alter table smmmofishomepageclient modify column string_logo LONGTEXT
Hibernate: alter table smmmofisreferans modify column resim LONGBLOB
Hibernate: alter table smmmofisreferans modify column string_resim LONGTEXT
Hibernate: alter table smmmofisservice modify column detailsmainparagraf LONGTEXT
Hibernate: alter table smmmofisservice modify column detailssubparagraf LONGTEXT
Hibernate: alter table smmmofissuser modify column string_resim LONGTEXT
Hibernate: alter table smmmofisteam modify column resim LONGBLOB
Hibernate: alter table smmmofisteam modify column string_resim LONGTEXT
2025-02-02T19:21:08.160+03:00  INFO 19024 --- [           main] j.LocalContainerEntityManagerFactoryBean : Initialized JPA EntityManagerFactory for persistence unit 'default'
2025-02-02T19:21:09.159+03:00  INFO 19024 --- [           main] o.s.d.j.r.query.QueryEnhancerFactory     : Hibernate is in classpath; If applicable, HQL parser will be used.
2025-02-02T19:21:10.355+03:00  INFO 19024 --- [           main] eAuthenticationProviderManagerConfigurer : Global AuthenticationManager configured with AuthenticationProvider bean with name authProvider
2025-02-02T19:21:10.357+03:00  WARN 19024 --- [           main] r$InitializeUserDetailsManagerConfigurer : Global AuthenticationManager configured with an AuthenticationProvider bean. UserDetailsService beans will not be used for username/password login. Consider removing the AuthenticationProvider bean. Alternatively, consider using the UserDetailsService in a manually instantiated DaoAuthenticationProvider.
2025-02-02T19:21:10.584+03:00  INFO 19024 --- [           main] o.s.b.a.w.s.WelcomePageHandlerMapping    : Adding welcome page template: index
2025-02-02T19:21:11.893+03:00 DEBUG 19024 --- [           main] o.s.c.support.DefaultLifecycleProcessor  : Starting beans in phase -2147483647
2025-02-02T19:21:11.894+03:00 DEBUG 19024 --- [           main] o.s.c.support.DefaultLifecycleProcessor  : Successfully started bean 'springBootLoggingLifecycle'
2025-02-02T19:21:11.894+03:00 DEBUG 19024 --- [           main] o.s.c.support.DefaultLifecycleProcessor  : Starting beans in phase 2147483647
2025-02-02T19:21:11.908+03:00  INFO 19024 --- [           main] c.o.OfisYonetimSistemiApplicationTests   : Started OfisYonetimSistemiApplicationTests in 14.269 seconds (process running for 16.629)
]]></system-out>
    <system-err><![CDATA[WARNING: A Java agent has been loaded dynamically (C:\Users\mumyu\.m2\repository\net\bytebuddy\byte-buddy-agent\1.14.19\byte-buddy-agent-1.14.19.jar)
WARNING: If a serviceability tool is in use, please run with -XX:+EnableDynamicAgentLoading to hide this warning
WARNING: If a serviceability tool is not in use, please run with -Djdk.instrument.traceUsage for more information
WARNING: Dynamic loading of agents will be disallowed by default in a future release
]]></system-err>
  </testcase>
</testsuite>